Release 14.7 - xst P.20131013 (nt)
Copyright (c) 1995-2013 Xilinx, Inc.  All rights reserved.
--> Parameter TMPDIR set to xst/projnav.tmp


Total REAL time to Xst completion: 0.00 secs
Total CPU time to Xst completion: 0.13 secs
 
--> Parameter xsthdpdir set to xst


Total REAL time to Xst completion: 0.00 secs
Total CPU time to Xst completion: 0.14 secs
 
--> Reading design: control.prj

TABLE OF CONTENTS
  1) Synthesis Options Summary
  2) HDL Parsing
  3) HDL Elaboration
  4) HDL Synthesis
       4.1) HDL Synthesis Report
  5) Advanced HDL Synthesis
       5.1) Advanced HDL Synthesis Report
  6) Low Level Synthesis
  7) Partition Report
  8) Design Summary
       8.1) Primitive and Black Box Usage
       8.2) Device utilization summary
       8.3) Partition Resource Summary
       8.4) Timing Report
            8.4.1) Clock Information
            8.4.2) Asynchronous Control Signals Information
            8.4.3) Timing Summary
            8.4.4) Timing Details
            8.4.5) Cross Clock Domains Report


=========================================================================
*                      Synthesis Options Summary                        *
=========================================================================
---- Source Parameters
Input File Name                    : "control.prj"
Ignore Synthesis Constraint File   : NO

---- Target Parameters
Output File Name                   : "control"
Output Format                      : NGC
Target Device                      : xc6slx9-3-tqg144

---- Source Options
Top Module Name                    : control
Automatic FSM Extraction           : YES
FSM Encoding Algorithm             : Auto
Safe Implementation                : No
FSM Style                          : LUT
RAM Extraction                     : Yes
RAM Style                          : Auto
ROM Extraction                     : Yes
Shift Register Extraction          : YES
ROM Style                          : Auto
Resource Sharing                   : YES
Asynchronous To Synchronous        : NO
Shift Register Minimum Size        : 2
Use DSP Block                      : Auto
Automatic Register Balancing       : No

---- Target Options
LUT Combining                      : Auto
Reduce Control Sets                : Auto
Add IO Buffers                     : YES
Global Maximum Fanout              : 100000
Add Generic Clock Buffer(BUFG)     : 16
Register Duplication               : YES
Optimize Instantiated Primitives   : NO
Use Clock Enable                   : Auto
Use Synchronous Set                : Auto
Use Synchronous Reset              : Auto
Pack IO Registers into IOBs        : Auto
Equivalent register Removal        : YES

---- General Options
Optimization Goal                  : Speed
Optimization Effort                : 1
Power Reduction                    : NO
Keep Hierarchy                     : No
Netlist Hierarchy                  : As_Optimized
RTL Output                         : Yes
Global Optimization                : AllClockNets
Read Cores                         : YES
Write Timing Constraints           : NO
Cross Clock Analysis               : NO
Hierarchy Separator                : /
Bus Delimiter                      : <>
Case Specifier                     : Maintain
Slice Utilization Ratio            : 100
BRAM Utilization Ratio             : 100
DSP48 Utilization Ratio            : 100
Auto BRAM Packing                  : NO
Slice Utilization Ratio Delta      : 5

=========================================================================


=========================================================================
*                          HDL Parsing                                  *
=========================================================================
Analyzing Verilog file "K:\memary\project\final\control.v" into library work
Parsing module <control>.

=========================================================================
*                            HDL Elaboration                            *
=========================================================================

Elaborating module <control>.

=========================================================================
*                           HDL Synthesis                               *
=========================================================================

Synthesizing Unit <control>.
    Related source file is "K:\memary\project\final\control.v".
WARNING:Xst:647 - Input <instruction<25:6>> is never used. This port will be preserved and left unconnected if it belongs to a top-level block or it belongs to a sub-block and the hierarchy of this sub-block is preserved.
    Register <memtoreg> equivalent to <memread> has been removed
    Found 1-bit register for signal <jump>.
    Found 1-bit register for signal <branch>.
    Found 1-bit register for signal <memread>.
    Found 1-bit register for signal <memwrite>.
    Found 1-bit register for signal <alusrc>.
    Found 1-bit register for signal <regwrite>.
    Found 6-bit register for signal <aluop>.
    Found 1-bit register for signal <regdst>.
    Summary:
	inferred  13 D-type flip-flop(s).
Unit <control> synthesized.

=========================================================================
HDL Synthesis Report

Macro Statistics
# Registers                                            : 8
 1-bit register                                        : 7
 6-bit register                                        : 1

=========================================================================

=========================================================================
*                       Advanced HDL Synthesis                          *
=========================================================================


=========================================================================
Advanced HDL Synthesis Report

Macro Statistics
# Registers                                            : 13
 Flip-Flops                                            : 13

=========================================================================

=========================================================================
*                         Low Level Synthesis                           *
=========================================================================

Optimizing unit <control> ...

Mapping all equations...
Building and optimizing final netlist ...
Found area constraint ratio of 100 (+ 5) on block control, actual ratio is 0.
FlipFlop memread has been replicated 1 time(s) to handle iob=true attribute.

Final Macro Processing ...

=========================================================================
Final Register Report

Macro Statistics
# Registers                                            : 14
 Flip-Flops                                            : 14

=========================================================================

=========================================================================
*                           Partition Report                            *
=========================================================================

Partition Implementation Status
-------------------------------

  No Partitions were found in this design.

-------------------------------

=========================================================================
*                            Design Summary                             *
=========================================================================

Top Level Output File Name         : control.ngc

Primitive and Black Box Usage:
------------------------------
# BELS                             : 13
#      LUT2                        : 4
#      LUT3                        : 1
#      LUT4                        : 1
#      LUT6                        : 7
# FlipFlops/Latches                : 14
#      FD                          : 14
# Clock Buffers                    : 1
#      BUFGP                       : 1
# IO Buffers                       : 26
#      IBUF                        : 12
#      OBUF                        : 14

Device utilization summary:
---------------------------

Selected Device : 6slx9tqg144-3 


Slice Logic Utilization: 
 Number of Slice LUTs:                   13  out of   5720     0%  
    Number used as Logic:                13  out of   5720     0%  

Slice Logic Distribution: 
 Number of LUT Flip Flop pairs used:     13
   Number with an unused Flip Flop:      13  out of     13   100%  
   Number with an unused LUT:             0  out of     13     0%  
   Number of fully used LUT-FF pairs:     0  out of     13     0%  
   Number of unique control sets:         1

IO Utilization: 
 Number of IOs:                          47
 Number of bonded IOBs:                  27  out of    102    26%  
    IOB Flip Flops/Latches:              14

Specific Feature Utilization:
 Number of BUFG/BUFGCTRLs:                1  out of     16     6%  

---------------------------
Partition Resource Summary:
---------------------------

  No Partitions were found in this design.

---------------------------


=========================================================================
Timing Report

NOTE: THESE TIMING NUMBERS ARE ONLY A SYNTHESIS ESTIMATE.
      FOR ACCURATE TIMING INFORMATION PLEASE REFER TO THE TRACE REPORT
      GENERATED AFTER PLACE-and-ROUTE.

Clock Information:
------------------
-----------------------------------+------------------------+-------+
Clock Signal                       | Clock buffer(FF name)  | Load  |
-----------------------------------+------------------------+-------+
clk                                | BUFGP                  | 14    |
-----------------------------------+------------------------+-------+

Asynchronous Control Signals Information:
----------------------------------------
No asynchronous control signals found in this design

Timing Summary:
---------------
Speed Grade: -3

   Minimum period: No path found
   Minimum input arrival time before clock: 3.871ns
   Maximum output required time after clock: 3.597ns
   Maximum combinational path delay: No path found

Timing Details:
---------------
All values displayed in nanoseconds (ns)

=========================================================================
Timing constraint: Default OFFSET IN BEFORE for Clock 'clk'
  Total number of paths / destination ports: 108 / 14
-------------------------------------------------------------------------
Offset:              3.871ns (Levels of Logic = 3)
  Source:            instruction<28> (PAD)
  Destination:       aluop_1 (FF)
  Destination Clock: clk rising

  Data Path: instruction<28> to aluop_1
                                Gate     Net
    Cell:in->out      fanout   Delay   Delay  Logical Name (Net Name)
    ----------------------------------------  ------------
     IBUF:I->O             7   1.222   1.138  instruction_28_IBUF (instruction_28_IBUF)
     LUT6:I0->O            7   0.203   1.002  instruction[31]_GND_1_o_equal_2_o<31>1 (instruction[31]_GND_1_o_equal_2_o)
     LUT4:I1->O            1   0.205   0.000  instruction[31]_instruction[5]_select_18_OUT<5>1 (instruction[31]_instruction[5]_select_18_OUT<1>)
     FD:D                      0.102          aluop_1
    ----------------------------------------
    Total                      3.871ns (1.732ns logic, 2.139ns route)
                                       (44.7% logic, 55.3% route)

=========================================================================
Timing constraint: Default OFFSET OUT AFTER for Clock 'clk'
  Total number of paths / destination ports: 14 / 14
-------------------------------------------------------------------------
Offset:              3.597ns (Levels of Logic = 1)
  Source:            aluop_5 (FF)
  Destination:       aluop<5> (PAD)
  Source Clock:      clk rising

  Data Path: aluop_5 to aluop<5>
                                Gate     Net
    Cell:in->out      fanout   Delay   Delay  Logical Name (Net Name)
    ----------------------------------------  ------------
     FD:C->Q               1   0.447   0.579  aluop_5 (aluop_5)
     OBUF:I->O                 2.571          aluop_5_OBUF (aluop<5>)
    ----------------------------------------
    Total                      3.597ns (3.018ns logic, 0.579ns route)
                                       (83.9% logic, 16.1% route)

=========================================================================

Cross Clock Domains Report:
--------------------------

=========================================================================


Total REAL time to Xst completion: 6.00 secs
Total CPU time to Xst completion: 6.11 secs
 
--> 

Total memory usage is 197892 kilobytes

Number of errors   :    0 (   0 filtered)
Number of warnings :    1 (   0 filtered)
Number of infos    :    0 (   0 filtered)

